System Health Monitor - Thu Dec 26 09:28:31 AM EST 2024
CPU Usage: 11.8%
Memory Usage: 13.364%
Disk Usage: 29%
Check completed at Thu Dec 26 09:28:31 AM EST 2024
------------------------------------
System Health Monitor - Thu Dec 26 09:33:00 AM EST 2024
CPU Usage: 2%
Memory Usage: 14.3958%
Disk Usage: 29%
Check completed at Thu Dec 26 09:33:01 AM EST 2024
------------------------------------
System Health Monitor - Thu Dec 26 09:35:31 AM EST 2024
CPU Usage: 8%
Memory Usage: 14.3573%
Disk Usage: 29%
Check completed at Thu Dec 26 09:35:31 AM EST 2024
------------------------------------
System Health Monitor - Thu Dec 26 09:38:47 AM EST 2024
CPU Usage: 8.2%
Memory Usage: 14.3113%
Disk Usage: 29%
Check completed at Thu Dec 26 09:38:47 AM EST 2024
------------------------------------
System Health Monitor - Thu Dec 26 09:39:55 AM EST 2024
CPU Usage: 7.7%
Memory Usage: 14.313%
Disk Usage: 29%
Check completed at Thu Dec 26 09:39:55 AM EST 2024
------------------------------------
System Health Monitor - Thu Dec 26 09:42:41 AM EST 2024
CPU Usage: 9.8%
Memory Usage: 14.423%
Disk Usage: 29%
Check completed at Thu Dec 26 09:42:42 AM EST 2024
------------------------------------
System Health Monitor - Thu Dec 26 09:44:37 AM EST 2024
CPU Usage: 2%
Memory Usage: 14.3968%
Disk Usage: 29%
Check completed at Thu Dec 26 09:44:38 AM EST 2024
------------------------------------
System Health Monitor - Thu Dec 26 09:47:01 AM EST 2024
CPU Usage: 3.8%
Memory Usage: 14.4091%
Disk Usage: 29%
Check completed at Thu Dec 26 09:47:01 AM EST 2024
------------------------------------
System Health Monitor - Thu Dec 26 09:49:04 AM EST 2024
CPU Usage: 11.5%
Memory Usage: 14.6397%
Disk Usage: 29%
Check completed at Thu Dec 26 09:49:04 AM EST 2024
------------------------------------
System Health Monitor - Thu Dec 26 09:49:11 AM EST 2024
CPU Usage: 2%
Memory Usage: 14.6655%
Disk Usage: 29%
Check completed at Thu Dec 26 09:49:11 AM EST 2024
------------------------------------
System Health Monitor - Thu Dec 26 09:50:25 AM EST 2024
CPU Usage: 13.4%
Memory Usage: 14.5769%
Disk Usage: 29%
Check completed at Thu Dec 26 09:50:26 AM EST 2024
------------------------------------
System Health Monitor - Thu Dec 26 09:51:44 AM EST 2024
CPU Usage: 12%
Memory Usage: 14.516%
Disk Usage: 29%
Check completed at Thu Dec 26 09:51:44 AM EST 2024
------------------------------------
System Health Monitor - Thu Dec 26 09:58:24 AM EST 2024
CPU Usage: 12.5%
Memory Usage: 14.8445%
Disk Usage: 29%
Check completed at Thu Dec 26 09:58:24 AM EST 2024
------------------------------------
