[  1495.971] 
X.Org X Server 1.21.1.14
X Protocol Version 11, Revision 0
[  1495.971] Current Operating System: Linux kali 6.11.2-amd64 #1 SMP PREEMPT_DYNAMIC Kali 6.11.2-1kali1 (2024-10-15) x86_64
[  1495.971] Kernel command line: BOOT_IMAGE=/boot/vmlinuz-6.11.2-amd64 root=UUID=7af02661-0543-45e6-946e-427d122cc7e9 ro quiet splash
[  1495.971] xorg-server 2:21.1.14-2~kali1 (https://www.debian.org/support) 
[  1495.971] Current version of pixman: 0.44.0
[  1495.971] 	Before reporting problems, check http://wiki.x.org
	to make sure that you have the latest version.
[  1495.971] Markers: (--) probed, (**) from config file, (==) default setting,
	(++) from command line, (!!) notice, (II) informational,
	(WW) warning, (EE) error, (NI) not implemented, (??) unknown.
[  1495.971] (==) Log file: "/var/log/Xorg.1.log", Time: Mon Dec 30 10:17:06 2024
[  1495.971] (==) Using system config directory "/usr/share/X11/xorg.conf.d"
[  1495.972] (==) No Layout section.  Using the first Screen section.
[  1495.972] (==) No screen section available. Using defaults.
[  1495.972] (**) |-->Screen "Default Screen Section" (0)
[  1495.972] (**) |   |-->Monitor "<default monitor>"
[  1495.972] (==) No monitor specified for screen "Default Screen Section".
	Using a default monitor configuration.
[  1495.972] (**) Allowing byte-swapped clients
[  1495.972] (==) Automatically adding devices
[  1495.972] (==) Automatically enabling devices
[  1495.972] (==) Automatically adding GPU devices
[  1495.972] (==) Automatically binding GPU devices
[  1495.972] (==) Max clients allowed: 256, resource mask: 0x1fffff
[  1495.972] (WW) The directory "/usr/share/fonts/X11/cyrillic" does not exist.
[  1495.972] 	Entry deleted from font path.
[  1495.972] (==) FontPath set to:
	/usr/share/fonts/X11/misc,
	/usr/share/fonts/X11/100dpi/:unscaled,
	/usr/share/fonts/X11/75dpi/:unscaled,
	/usr/share/fonts/X11/Type1,
	/usr/share/fonts/X11/100dpi,
	/usr/share/fonts/X11/75dpi,
	built-ins
[  1495.972] (==) ModulePath set to "/usr/lib/xorg/modules"
[  1495.972] (II) The server relies on udev to provide the list of input devices.
	If no devices become available, reconfigure udev or disable AutoAddDevices.
[  1495.972] (II) Loader magic: 0x55ed4bd05f20
[  1495.972] (II) Module ABI versions:
[  1495.972] 	X.Org ANSI C Emulation: 0.4
[  1495.972] 	X.Org Video Driver: 25.2
[  1495.972] 	X.Org XInput driver : 24.4
[  1495.972] 	X.Org Server Extension : 10.0
[  1495.974] (++) using VT number 8

[  1495.974] (II) systemd-logind: logind integration requires -keeptty and -keeptty was not provided, disabling logind integration
[  1495.975] (II) xfree86: Adding drm device (/dev/dri/card0)
[  1495.975] (II) Platform probe for /sys/devices/pci0000:00/0000:00:02.0/drm/card0
[  1495.980] (--) PCI:*(0@0:2:0) 15ad:0405:15ad:0405 rev 0, Mem @ 0xe0000000/134217728, 0xf0000000/2097152, I/O @ 0x0000d010/16, BIOS @ 0x????????/131072
[  1495.980] (II) LoadModule: "glx"
[  1495.980] (II) Loading /usr/lib/xorg/modules/extensions/libglx.so
[  1495.982] (II) Module glx: vendor="X.Org Foundation"
[  1495.982] 	compiled for 1.21.1.14, module version = 1.0.0
[  1495.982] 	ABI class: X.Org Server Extension, version 10.0
[  1495.982] (==) Matched vmware as autoconfigured driver 0
[  1495.982] (==) Matched modesetting as autoconfigured driver 1
[  1495.982] (==) Matched fbdev as autoconfigured driver 2
[  1495.982] (==) Matched vesa as autoconfigured driver 3
[  1495.982] (==) Assigned the driver to the xf86ConfigLayout
[  1495.982] (II) LoadModule: "vmware"
[  1495.982] (II) Loading /usr/lib/xorg/modules/drivers/vmware_drv.so
[  1496.017] (II) Module vmware: vendor="X.Org Foundation"
[  1496.017] 	compiled for 1.21.1.9, module version = 13.4.0
[  1496.017] 	Module class: X.Org Video Driver
[  1496.017] 	ABI class: X.Org Video Driver, version 25.2
[  1496.017] (II) LoadModule: "modesetting"
[  1496.017] (II) Loading /usr/lib/xorg/modules/drivers/modesetting_drv.so
[  1496.017] (II) Module modesetting: vendor="X.Org Foundation"
[  1496.017] 	compiled for 1.21.1.14, module version = 1.21.1
[  1496.017] 	Module class: X.Org Video Driver
[  1496.017] 	ABI class: X.Org Video Driver, version 25.2
[  1496.017] (II) LoadModule: "fbdev"
[  1496.017] (II) Loading /usr/lib/xorg/modules/drivers/fbdev_drv.so
[  1496.017] (II) Module fbdev: vendor="X.Org Foundation"
[  1496.017] 	compiled for 1.21.1.3, module version = 0.5.0
[  1496.017] 	Module class: X.Org Video Driver
[  1496.017] 	ABI class: X.Org Video Driver, version 25.2
[  1496.017] (II) LoadModule: "vesa"
[  1496.017] (II) Loading /usr/lib/xorg/modules/drivers/vesa_drv.so
[  1496.017] (II) Module vesa: vendor="X.Org Foundation"
[  1496.017] 	compiled for 1.21.1.9, module version = 2.6.0
[  1496.017] 	Module class: X.Org Video Driver
[  1496.017] 	ABI class: X.Org Video Driver, version 25.2
[  1496.017] (II) vmware: driver for VMware SVGA: vmware0405, vmware0710
[  1496.017] (II) modesetting: Driver for Modesetting Kernel Drivers: kms
[  1496.017] (II) FBDEV: driver for framebuffer: fbdev
[  1496.017] (II) VESA: driver for VESA chipsets: vesa
[  1496.577] (WW) Falling back to old probe method for modesetting
[  1496.577] (WW) Falling back to old probe method for fbdev
[  1496.577] (II) Loading sub module "fbdevhw"
[  1496.577] (II) LoadModule: "fbdevhw"
[  1496.577] (II) Loading /usr/lib/xorg/modules/libfbdevhw.so
[  1496.577] (II) Module fbdevhw: vendor="X.Org Foundation"
[  1496.578] 	compiled for 1.21.1.14, module version = 0.0.2
[  1496.578] 	ABI class: X.Org Video Driver, version 25.2
[  1496.581] (II) vmware(0): Creating default Display subsection in Screen section
	"Default Screen Section" for depth/fbbpp 24/32
[  1496.581] (--) vmware(0): DRM driver version is 2.20.0
[  1496.581] (==) vmware(0): Depth 24, (--) framebuffer bpp 32
[  1496.581] (==) vmware(0): RGB weight 888
[  1496.581] (==) vmware(0): Default visual is TrueColor
[  1496.581] (--) vmware(0): Min width 1, Max Width 8192.
[  1496.581] (--) vmware(0): Min height 1, Max Height 8192.
[  1496.582] (II) vmware(0): Output Virtual1 has no monitor section
[  1496.582] (II) vmware(0): Output Virtual2 has no monitor section
[  1496.582] (II) vmware(0): Output Virtual3 has no monitor section
[  1496.582] (II) vmware(0): Output Virtual4 has no monitor section
[  1496.582] (II) vmware(0): Output Virtual5 has no monitor section
[  1496.582] (II) vmware(0): Output Virtual6 has no monitor section
[  1496.582] (II) vmware(0): Output Virtual7 has no monitor section
[  1496.582] (II) vmware(0): Output Virtual8 has no monitor section
[  1496.583] (II) vmware(0): Printing probed modes for output Virtual1
[  1496.583] (II) vmware(0): Modeline "1920x969"x60.0  138.98  1920 1970 2020 2070  969 1019 1069 1119 -hsync +vsync (67.1 kHz eP)
[  1496.583] (II) vmware(0): Modeline "4096x2160"x60.0  556.74  4096 4104 4136 4176  2160 2208 2216 2222 +hsync -vsync (133.3 kHz e)
[  1496.583] (II) vmware(0): Modeline "4096x2160"x59.9  556.19  4096 4104 4136 4176  2160 2208 2216 2222 +hsync -vsync (133.2 kHz e)
[  1496.583] (II) vmware(0): Modeline "2560x1600"x60.0  348.50  2560 2752 3032 3504  1600 1603 1609 1658 -hsync +vsync (99.5 kHz e)
[  1496.583] (II) vmware(0): Modeline "2560x1600"x60.0  268.50  2560 2608 2640 2720  1600 1603 1609 1646 +hsync -vsync (98.7 kHz e)
[  1496.583] (II) vmware(0): Modeline "1920x1440"x60.0  234.00  1920 2048 2256 2600  1440 1441 1444 1500 -hsync +vsync (90.0 kHz e)
[  1496.583] (II) vmware(0): Modeline "1856x1392"x60.0  218.25  1856 1952 2176 2528  1392 1393 1396 1439 -hsync +vsync (86.3 kHz e)
[  1496.583] (II) vmware(0): Modeline "1792x1344"x60.0  204.75  1792 1920 2120 2448  1344 1345 1348 1394 -hsync +vsync (83.6 kHz e)
[  1496.583] (II) vmware(0): Modeline "2048x1152"x60.0  162.00  2048 2074 2154 2250  1152 1153 1156 1200 +hsync +vsync (72.0 kHz e)
[  1496.583] (II) vmware(0): Modeline "1920x1200"x59.9  193.25  1920 2056 2256 2592  1200 1203 1209 1245 -hsync +vsync (74.6 kHz e)
[  1496.583] (II) vmware(0): Modeline "1920x1200"x60.0  154.00  1920 1968 2000 2080  1200 1203 1209 1235 +hsync -vsync (74.0 kHz e)
[  1496.583] (II) vmware(0): Modeline "1920x1080"x60.0  148.50  1920 2008 2052 2200  1080 1084 1089 1125 -hsync -vsync (67.5 kHz e)
[  1496.583] (II) vmware(0): Modeline "1600x1200"x60.0  162.00  1600 1664 1856 2160  1200 1201 1204 1250 +hsync +vsync (75.0 kHz e)
[  1496.583] (II) vmware(0): Modeline "1680x1050"x60.0  146.25  1680 1784 1960 2240  1050 1053 1059 1089 -hsync +vsync (65.3 kHz e)
[  1496.583] (II) vmware(0): Modeline "1680x1050"x59.9  119.00  1680 1728 1760 1840  1050 1053 1059 1080 +hsync -vsync (64.7 kHz e)
[  1496.583] (II) vmware(0): Modeline "1400x1050"x60.0  121.75  1400 1488 1632 1864  1050 1053 1057 1089 -hsync +vsync (65.3 kHz e)
[  1496.583] (II) vmware(0): Modeline "1400x1050"x59.9  101.00  1400 1448 1480 1560  1050 1053 1057 1080 +hsync -vsync (64.7 kHz e)
[  1496.583] (II) vmware(0): Modeline "1600x900"x60.0  108.00  1600 1624 1704 1800  900 901 904 1000 +hsync +vsync (60.0 kHz e)
[  1496.583] (II) vmware(0): Modeline "1280x1024"x60.0  108.00  1280 1328 1440 1688  1024 1025 1028 1066 +hsync +vsync (64.0 kHz e)
[  1496.583] (II) vmware(0): Modeline "1440x900"x59.9  106.50  1440 1520 1672 1904  900 903 909 934 -hsync +vsync (55.9 kHz e)
[  1496.583] (II) vmware(0): Modeline "1440x900"x59.9   88.75  1440 1488 1520 1600  900 903 909 926 +hsync -vsync (55.5 kHz e)
[  1496.583] (II) vmware(0): Modeline "1280x960"x60.0  108.00  1280 1376 1488 1800  960 961 964 1000 +hsync +vsync (60.0 kHz e)
[  1496.583] (II) vmware(0): Modeline "1366x768"x59.8   85.50  1366 1436 1579 1792  768 771 774 798 +hsync +vsync (47.7 kHz e)
[  1496.583] (II) vmware(0): Modeline "1366x768"x60.0   72.00  1366 1380 1436 1500  768 769 772 800 +hsync +vsync (48.0 kHz e)
[  1496.583] (II) vmware(0): Modeline "1360x768"x60.0   85.50  1360 1424 1536 1792  768 771 777 795 +hsync +vsync (47.7 kHz e)
[  1496.583] (II) vmware(0): Modeline "1280x800"x59.8   83.50  1280 1352 1480 1680  800 803 809 831 -hsync +vsync (49.7 kHz e)
[  1496.583] (II) vmware(0): Modeline "1280x800"x59.9   71.00  1280 1328 1360 1440  800 803 809 823 +hsync -vsync (49.3 kHz e)
[  1496.583] (II) vmware(0): Modeline "1280x768"x59.9   79.50  1280 1344 1472 1664  768 771 778 798 -hsync +vsync (47.8 kHz e)
[  1496.583] (II) vmware(0): Modeline "1280x768"x60.0   68.25  1280 1328 1360 1440  768 771 778 790 +hsync -vsync (47.4 kHz e)
[  1496.583] (II) vmware(0): Modeline "1280x720"x60.0   74.25  1280 1390 1430 1650  720 725 730 750 +hsync +vsync (45.0 kHz e)
[  1496.583] (II) vmware(0): Modeline "1024x768"x60.0   65.00  1024 1048 1184 1344  768 771 777 806 -hsync -vsync (48.4 kHz e)
[  1496.583] (II) vmware(0): Modeline "800x600"x60.3   40.00  800 840 968 1056  600 601 605 628 +hsync +vsync (37.9 kHz e)
[  1496.583] (II) vmware(0): Modeline "800x600"x56.2   36.00  800 824 896 1024  600 601 603 625 +hsync +vsync (35.2 kHz e)
[  1496.583] (II) vmware(0): Modeline "848x480"x60.0   33.75  848 864 976 1088  480 486 494 517 +hsync +vsync (31.0 kHz e)
[  1496.583] (II) vmware(0): Modeline "640x480"x59.9   25.18  640 656 752 800  480 490 492 525 -hsync -vsync (31.5 kHz e)
[  1496.583] (II) vmware(0): Printing probed modes for output Virtual2
[  1496.583] (II) vmware(0): Modeline "4096x2160"x60.0  556.74  4096 4104 4136 4176  2160 2208 2216 2222 +hsync -vsync (133.3 kHz e)
[  1496.583] (II) vmware(0): Modeline "4096x2160"x59.9  556.19  4096 4104 4136 4176  2160 2208 2216 2222 +hsync -vsync (133.2 kHz e)
[  1496.583] (II) vmware(0): Modeline "2560x1600"x60.0  348.50  2560 2752 3032 3504  1600 1603 1609 1658 -hsync +vsync (99.5 kHz e)
[  1496.583] (II) vmware(0): Modeline "2560x1600"x60.0  268.50  2560 2608 2640 2720  1600 1603 1609 1646 +hsync -vsync (98.7 kHz e)
[  1496.583] (II) vmware(0): Modeline "1920x1440"x60.0  234.00  1920 2048 2256 2600  1440 1441 1444 1500 -hsync +vsync (90.0 kHz e)
[  1496.583] (II) vmware(0): Modeline "1856x1392"x60.0  218.25  1856 1952 2176 2528  1392 1393 1396 1439 -hsync +vsync (86.3 kHz e)
[  1496.583] (II) vmware(0): Modeline "1792x1344"x60.0  204.75  1792 1920 2120 2448  1344 1345 1348 1394 -hsync +vsync (83.6 kHz e)
[  1496.583] (II) vmware(0): Modeline "2048x1152"x60.0  162.00  2048 2074 2154 2250  1152 1153 1156 1200 +hsync +vsync (72.0 kHz e)
[  1496.583] (II) vmware(0): Modeline "1920x1200"x59.9  193.25  1920 2056 2256 2592  1200 1203 1209 1245 -hsync +vsync (74.6 kHz e)
[  1496.583] (II) vmware(0): Modeline "1920x1200"x60.0  154.00  1920 1968 2000 2080  1200 1203 1209 1235 +hsync -vsync (74.0 kHz e)
[  1496.583] (II) vmware(0): Modeline "1920x1080"x60.0  148.50  1920 2008 2052 2200  1080 1084 1089 1125 -hsync -vsync (67.5 kHz e)
[  1496.583] (II) vmware(0): Modeline "1600x1200"x60.0  162.00  1600 1664 1856 2160  1200 1201 1204 1250 +hsync +vsync (75.0 kHz e)
[  1496.583] (II) vmware(0): Modeline "1680x1050"x60.0  146.25  1680 1784 1960 2240  1050 1053 1059 1089 -hsync +vsync (65.3 kHz e)
[  1496.583] (II) vmware(0): Modeline "1680x1050"x59.9  119.00  1680 1728 1760 1840  1050 1053 1059 1080 +hsync -vsync (64.7 kHz e)
[  1496.583] (II) vmware(0): Modeline "1400x1050"x60.0  121.75  1400 1488 1632 1864  1050 1053 1057 1089 -hsync +vsync (65.3 kHz e)
[  1496.583] (II) vmware(0): Modeline "1400x1050"x59.9  101.00  1400 1448 1480 1560  1050 1053 1057 1080 +hsync -vsync (64.7 kHz e)
[  1496.583] (II) vmware(0): Modeline "1600x900"x60.0  108.00  1600 1624 1704 1800  900 901 904 1000 +hsync +vsync (60.0 kHz e)
[  1496.583] (II) vmware(0): Modeline "1280x1024"x60.0  108.00  1280 1328 1440 1688  1024 1025 1028 1066 +hsync +vsync (64.0 kHz e)
[  1496.583] (II) vmware(0): Modeline "1440x900"x59.9  106.50  1440 1520 1672 1904  900 903 909 934 -hsync +vsync (55.9 kHz e)
[  1496.583] (II) vmware(0): Modeline "1440x900"x59.9   88.75  1440 1488 1520 1600  900 903 909 926 +hsync -vsync (55.5 kHz e)
[  1496.583] (II) vmware(0): Modeline "1280x960"x60.0  108.00  1280 1376 1488 1800  960 961 964 1000 +hsync +vsync (60.0 kHz e)
[  1496.583] (II) vmware(0): Modeline "1366x768"x59.8   85.50  1366 1436 1579 1792  768 771 774 798 +hsync +vsync (47.7 kHz e)
[  1496.583] (II) vmware(0): Modeline "1366x768"x60.0   72.00  1366 1380 1436 1500  768 769 772 800 +hsync +vsync (48.0 kHz e)
[  1496.583] (II) vmware(0): Modeline "1360x768"x60.0   85.50  1360 1424 1536 1792  768 771 777 795 +hsync +vsync (47.7 kHz e)
[  1496.583] (II) vmware(0): Modeline "1280x800"x59.8   83.50  1280 1352 1480 1680  800 803 809 831 -hsync +vsync (49.7 kHz e)
[  1496.583] (II) vmware(0): Modeline "1280x800"x59.9   71.00  1280 1328 1360 1440  800 803 809 823 +hsync -vsync (49.3 kHz e)
[  1496.583] (II) vmware(0): Modeline "1280x768"x59.9   79.50  1280 1344 1472 1664  768 771 778 798 -hsync +vsync (47.8 kHz e)
[  1496.583] (II) vmware(0): Modeline "1280x768"x60.0   68.25  1280 1328 1360 1440  768 771 778 790 +hsync -vsync (47.4 kHz e)
[  1496.583] (II) vmware(0): Modeline "1280x720"x60.0   74.25  1280 1390 1430 1650  720 725 730 750 +hsync +vsync (45.0 kHz e)
[  1496.583] (II) vmware(0): Modeline "1024x768"x60.0   65.00  1024 1048 1184 1344  768 771 777 806 -hsync -vsync (48.4 kHz e)
[  1496.583] (II) vmware(0): Modeline "800x600"x60.3   40.00  800 840 968 1056  600 601 605 628 +hsync +vsync (37.9 kHz e)
[  1496.583] (II) vmware(0): Modeline "800x600"x56.2   36.00  800 824 896 1024  600 601 603 625 +hsync +vsync (35.2 kHz e)
[  1496.583] (II) vmware(0): Modeline "848x480"x60.0   33.75  848 864 976 1088  480 486 494 517 +hsync +vsync (31.0 kHz e)
[  1496.583] (II) vmware(0): Modeline "640x480"x59.9   25.18  640 656 752 800  480 490 492 525 -hsync -vsync (31.5 kHz e)
[  1496.583] (II) vmware(0): Printing probed modes for output Virtual3
[  1496.583] (II) vmware(0): Modeline "4096x2160"x60.0  556.74  4096 4104 4136 4176  2160 2208 2216 2222 +hsync -vsync (133.3 kHz e)
[  1496.583] (II) vmware(0): Modeline "4096x2160"x59.9  556.19  4096 4104 4136 4176  2160 2208 2216 2222 +hsync -vsync (133.2 kHz e)
[  1496.583] (II) vmware(0): Modeline "2560x1600"x60.0  348.50  2560 2752 3032 3504  1600 1603 1609 1658 -hsync +vsync (99.5 kHz e)
[  1496.583] (II) vmware(0): Modeline "2560x1600"x60.0  268.50  2560 2608 2640 2720  1600 1603 1609 1646 +hsync -vsync (98.7 kHz e)
[  1496.583] (II) vmware(0): Modeline "1920x1440"x60.0  234.00  1920 2048 2256 2600  1440 1441 1444 1500 -hsync +vsync (90.0 kHz e)
[  1496.583] (II) vmware(0): Modeline "1856x1392"x60.0  218.25  1856 1952 2176 2528  1392 1393 1396 1439 -hsync +vsync (86.3 kHz e)
[  1496.583] (II) vmware(0): Modeline "1792x1344"x60.0  204.75  1792 1920 2120 2448  1344 1345 1348 1394 -hsync +vsync (83.6 kHz e)
[  1496.583] (II) vmware(0): Modeline "2048x1152"x60.0  162.00  2048 2074 2154 2250  1152 1153 1156 1200 +hsync +vsync (72.0 kHz e)
[  1496.583] (II) vmware(0): Modeline "1920x1200"x59.9  193.25  1920 2056 2256 2592  1200 1203 1209 1245 -hsync +vsync (74.6 kHz e)
[  1496.583] (II) vmware(0): Modeline "1920x1200"x60.0  154.00  1920 1968 2000 2080  1200 1203 1209 1235 +hsync -vsync (74.0 kHz e)
[  1496.583] (II) vmware(0): Modeline "1920x1080"x60.0  148.50  1920 2008 2052 2200  1080 1084 1089 1125 -hsync -vsync (67.5 kHz e)
[  1496.583] (II) vmware(0): Modeline "1600x1200"x60.0  162.00  1600 1664 1856 2160  1200 1201 1204 1250 +hsync +vsync (75.0 kHz e)
[  1496.583] (II) vmware(0): Modeline "1680x1050"x60.0  146.25  1680 1784 1960 2240  1050 1053 1059 1089 -hsync +vsync (65.3 kHz e)
[  1496.583] (II) vmware(0): Modeline "1680x1050"x59.9  119.00  1680 1728 1760 1840  1050 1053 1059 1080 +hsync -vsync (64.7 kHz e)
[  1496.583] (II) vmware(0): Modeline "1400x1050"x60.0  121.75  1400 1488 1632 1864  1050 1053 1057 1089 -hsync +vsync (65.3 kHz e)
[  1496.583] (II) vmware(0): Modeline "1400x1050"x59.9  101.00  1400 1448 1480 1560  1050 1053 1057 1080 +hsync -vsync (64.7 kHz e)
[  1496.583] (II) vmware(0): Modeline "1600x900"x60.0  108.00  1600 1624 1704 1800  900 901 904 1000 +hsync +vsync (60.0 kHz e)
[  1496.583] (II) vmware(0): Modeline "1280x1024"x60.0  108.00  1280 1328 1440 1688  1024 1025 1028 1066 +hsync +vsync (64.0 kHz e)
[  1496.583] (II) vmware(0): Modeline "1440x900"x59.9  106.50  1440 1520 1672 1904  900 903 909 934 -hsync +vsync (55.9 kHz e)
[  1496.583] (II) vmware(0): Modeline "1440x900"x59.9   88.75  1440 1488 1520 1600  900 903 909 926 +hsync -vsync (55.5 kHz e)
[  1496.583] (II) vmware(0): Modeline "1280x960"x60.0  108.00  1280 1376 1488 1800  960 961 964 1000 +hsync +vsync (60.0 kHz e)
[  1496.583] (II) vmware(0): Modeline "1366x768"x59.8   85.50  1366 1436 1579 1792  768 771 774 798 +hsync +vsync (47.7 kHz e)
[  1496.583] (II) vmware(0): Modeline "1366x768"x60.0   72.00  1366 1380 1436 1500  768 769 772 800 +hsync +vsync (48.0 kHz e)
[  1496.583] (II) vmware(0): Modeline "1360x768"x60.0   85.50  1360 1424 1536 1792  768 771 777 795 +hsync +vsync (47.7 kHz e)
[  1496.583] (II) vmware(0): Modeline "1280x800"x59.8   83.50  1280 1352 1480 1680  800 803 809 831 -hsync +vsync (49.7 kHz e)
[  1496.583] (II) vmware(0): Modeline "1280x800"x59.9   71.00  1280 1328 1360 1440  800 803 809 823 +hsync -vsync (49.3 kHz e)
[  1496.583] (II) vmware(0): Modeline "1280x768"x59.9   79.50  1280 1344 1472 1664  768 771 778 798 -hsync +vsync (47.8 kHz e)
[  1496.583] (II) vmware(0): Modeline "1280x768"x60.0   68.25  1280 1328 1360 1440  768 771 778 790 +hsync -vsync (47.4 kHz e)
[  1496.583] (II) vmware(0): Modeline "1280x720"x60.0   74.25  1280 1390 1430 1650  720 725 730 750 +hsync +vsync (45.0 kHz e)
[  1496.583] (II) vmware(0): Modeline "1024x768"x60.0   65.00  1024 1048 1184 1344  768 771 777 806 -hsync -vsync (48.4 kHz e)
[  1496.583] (II) vmware(0): Modeline "800x600"x60.3   40.00  800 840 968 1056  600 601 605 628 +hsync +vsync (37.9 kHz e)
[  1496.583] (II) vmware(0): Modeline "800x600"x56.2   36.00  800 824 896 1024  600 601 603 625 +hsync +vsync (35.2 kHz e)
[  1496.583] (II) vmware(0): Modeline "848x480"x60.0   33.75  848 864 976 1088  480 486 494 517 +hsync +vsync (31.0 kHz e)
[  1496.583] (II) vmware(0): Modeline "640x480"x59.9   25.18  640 656 752 800  480 490 492 525 -hsync -vsync (31.5 kHz e)
[  1496.584] (II) vmware(0): Printing probed modes for output Virtual4
[  1496.584] (II) vmware(0): Modeline "4096x2160"x60.0  556.74  4096 4104 4136 4176  2160 2208 2216 2222 +hsync -vsync (133.3 kHz e)
[  1496.584] (II) vmware(0): Modeline "4096x2160"x59.9  556.19  4096 4104 4136 4176  2160 2208 2216 2222 +hsync -vsync (133.2 kHz e)
[  1496.584] (II) vmware(0): Modeline "2560x1600"x60.0  348.50  2560 2752 3032 3504  1600 1603 1609 1658 -hsync +vsync (99.5 kHz e)
[  1496.584] (II) vmware(0): Modeline "2560x1600"x60.0  268.50  2560 2608 2640 2720  1600 1603 1609 1646 +hsync -vsync (98.7 kHz e)
[  1496.584] (II) vmware(0): Modeline "1920x1440"x60.0  234.00  1920 2048 2256 2600  1440 1441 1444 1500 -hsync +vsync (90.0 kHz e)
[  1496.584] (II) vmware(0): Modeline "1856x1392"x60.0  218.25  1856 1952 2176 2528  1392 1393 1396 1439 -hsync +vsync (86.3 kHz e)
[  1496.584] (II) vmware(0): Modeline "1792x1344"x60.0  204.75  1792 1920 2120 2448  1344 1345 1348 1394 -hsync +vsync (83.6 kHz e)
[  1496.584] (II) vmware(0): Modeline "2048x1152"x60.0  162.00  2048 2074 2154 2250  1152 1153 1156 1200 +hsync +vsync (72.0 kHz e)
[  1496.584] (II) vmware(0): Modeline "1920x1200"x59.9  193.25  1920 2056 2256 2592  1200 1203 1209 1245 -hsync +vsync (74.6 kHz e)
[  1496.584] (II) vmware(0): Modeline "1920x1200"x60.0  154.00  1920 1968 2000 2080  1200 1203 1209 1235 +hsync -vsync (74.0 kHz e)
[  1496.584] (II) vmware(0): Modeline "1920x1080"x60.0  148.50  1920 2008 2052 2200  1080 1084 1089 1125 -hsync -vsync (67.5 kHz e)
[  1496.584] (II) vmware(0): Modeline "1600x1200"x60.0  162.00  1600 1664 1856 2160  1200 1201 1204 1250 +hsync +vsync (75.0 kHz e)
[  1496.584] (II) vmware(0): Modeline "1680x1050"x60.0  146.25  1680 1784 1960 2240  1050 1053 1059 1089 -hsync +vsync (65.3 kHz e)
[  1496.584] (II) vmware(0): Modeline "1680x1050"x59.9  119.00  1680 1728 1760 1840  1050 1053 1059 1080 +hsync -vsync (64.7 kHz e)
[  1496.584] (II) vmware(0): Modeline "1400x1050"x60.0  121.75  1400 1488 1632 1864  1050 1053 1057 1089 -hsync +vsync (65.3 kHz e)
[  1496.584] (II) vmware(0): Modeline "1400x1050"x59.9  101.00  1400 1448 1480 1560  1050 1053 1057 1080 +hsync -vsync (64.7 kHz e)
[  1496.584] (II) vmware(0): Modeline "1600x900"x60.0  108.00  1600 1624 1704 1800  900 901 904 1000 +hsync +vsync (60.0 kHz e)
[  1496.584] (II) vmware(0): Modeline "1280x1024"x60.0  108.00  1280 1328 1440 1688  1024 1025 1028 1066 +hsync +vsync (64.0 kHz e)
[  1496.584] (II) vmware(0): Modeline "1440x900"x59.9  106.50  1440 1520 1672 1904  900 903 909 934 -hsync +vsync (55.9 kHz e)
[  1496.584] (II) vmware(0): Modeline "1440x900"x59.9   88.75  1440 1488 1520 1600  900 903 909 926 +hsync -vsync (55.5 kHz e)
[  1496.584] (II) vmware(0): Modeline "1280x960"x60.0  108.00  1280 1376 1488 1800  960 961 964 1000 +hsync +vsync (60.0 kHz e)
[  1496.584] (II) vmware(0): Modeline "1366x768"x59.8   85.50  1366 1436 1579 1792  768 771 774 798 +hsync +vsync (47.7 kHz e)
[  1496.584] (II) vmware(0): Modeline "1366x768"x60.0   72.00  1366 1380 1436 1500  768 769 772 800 +hsync +vsync (48.0 kHz e)
[  1496.584] (II) vmware(0): Modeline "1360x768"x60.0   85.50  1360 1424 1536 1792  768 771 777 795 +hsync +vsync (47.7 kHz e)
[  1496.584] (II) vmware(0): Modeline "1280x800"x59.8   83.50  1280 1352 1480 1680  800 803 809 831 -hsync +vsync (49.7 kHz e)
[  1496.584] (II) vmware(0): Modeline "1280x800"x59.9   71.00  1280 1328 1360 1440  800 803 809 823 +hsync -vsync (49.3 kHz e)
[  1496.584] (II) vmware(0): Modeline "1280x768"x59.9   79.50  1280 1344 1472 1664  768 771 778 798 -hsync +vsync (47.8 kHz e)
[  1496.584] (II) vmware(0): Modeline "1280x768"x60.0   68.25  1280 1328 1360 1440  768 771 778 790 +hsync -vsync (47.4 kHz e)
[  1496.584] (II) vmware(0): Modeline "1280x720"x60.0   74.25  1280 1390 1430 1650  720 725 730 750 +hsync +vsync (45.0 kHz e)
[  1496.584] (II) vmware(0): Modeline "1024x768"x60.0   65.00  1024 1048 1184 1344  768 771 777 806 -hsync -vsync (48.4 kHz e)
[  1496.584] (II) vmware(0): Modeline "800x600"x60.3   40.00  800 840 968 1056  600 601 605 628 +hsync +vsync (37.9 kHz e)
[  1496.584] (II) vmware(0): Modeline "800x600"x56.2   36.00  800 824 896 1024  600 601 603 625 +hsync +vsync (35.2 kHz e)
[  1496.584] (II) vmware(0): Modeline "848x480"x60.0   33.75  848 864 976 1088  480 486 494 517 +hsync +vsync (31.0 kHz e)
[  1496.584] (II) vmware(0): Modeline "640x480"x59.9   25.18  640 656 752 800  480 490 492 525 -hsync -vsync (31.5 kHz e)
[  1496.584] (II) vmware(0): EDID for output Virtual5
[  1496.584] (II) vmware(0): EDID for output Virtual6
[  1496.584] (II) vmware(0): EDID for output Virtual7
[  1496.584] (II) vmware(0): EDID for output Virtual8
[  1496.584] (II) vmware(0): Output Virtual1 connected
[  1496.584] (II) vmware(0): Output Virtual2 connected
[  1496.584] (II) vmware(0): Output Virtual3 connected
[  1496.584] (II) vmware(0): Output Virtual4 connected
[  1496.584] (II) vmware(0): Output Virtual5 disconnected
[  1496.584] (II) vmware(0): Output Virtual6 disconnected
[  1496.584] (II) vmware(0): Output Virtual7 disconnected
[  1496.584] (II) vmware(0): Output Virtual8 disconnected
[  1496.584] (II) vmware(0): Using fuzzy aspect match for initial modes
[  1496.584] (II) vmware(0): Output Virtual1 using initial mode 1920x1440 +0+0
[  1496.584] (II) vmware(0): Output Virtual2 using initial mode 1920x1440 +0+0
[  1496.584] (II) vmware(0): Output Virtual3 using initial mode 1920x1440 +0+0
[  1496.584] (II) vmware(0): Output Virtual4 using initial mode 1920x1440 +0+0
[  1496.584] (==) vmware(0): DPI set to (96, 96)
[  1496.584] (==) vmware(0): Using gamma correction (1.0, 1.0, 1.0)
[  1496.584] (II) Loading sub module "fb"
[  1496.584] (II) LoadModule: "fb"
[  1496.584] (II) Module "fb" already built-in
[  1496.584] (II) Loading sub module "dri2"
[  1496.584] (II) LoadModule: "dri2"
[  1496.584] (II) Module "dri2" already built-in
[  1496.584] (II) Loading sub module "dri3"
[  1496.584] (II) LoadModule: "dri3"
[  1496.584] (II) Module "dri3" already built-in
[  1496.584] (II) UnloadModule: "modesetting"
[  1496.584] (II) Unloading modesetting
[  1496.584] (II) UnloadModule: "fbdev"
[  1496.584] (II) Unloading fbdev
[  1496.584] (II) UnloadSubModule: "fbdevhw"
[  1496.584] (II) Unloading fbdevhw
[  1496.584] (II) UnloadModule: "vesa"
[  1496.584] (II) Unloading vesa
[  1496.585] (II) vmware(0): Initialized VMWARE_CTRL extension version 0.2
[  1496.586] (WW) vmware(0): Failed to initialize Gallium3D Xa. No render acceleration available.
[  1496.586] (WW) vmware(0): Skipped initialization of direct rendering due to lack of render acceleration.
[  1496.586] (--) vmware(0): Render acceleration is disabled.
[  1496.586] (==) vmware(0): Rendercheck mode is disabled.
[  1496.586] (--) vmware(0): Direct rendering (DRI2 3D) is disabled.
[  1496.586] (--) vmware(0): Direct rendering (DRI3 3D) is disabled.
[  1496.586] (==) vmware(0): Backing store enabled
[  1496.586] (==) vmware(0): Silken mouse enabled
[  1496.587] (==) vmware(0): DPMS enabled
[  1496.587] (II) vmware(0): No 3D acceleration. Not setting up textured video.
[  1496.587] (WW) vmware(0): Disabling Xv because no adaptors could be initialized.
[  1496.587] (II) Initializing extension Generic Event Extension
[  1496.587] (II) Initializing extension SHAPE
[  1496.587] (II) Initializing extension MIT-SHM
[  1496.587] (II) Initializing extension XInputExtension
[  1496.587] (II) Initializing extension XTEST
[  1496.587] (II) Initializing extension BIG-REQUESTS
[  1496.587] (II) Initializing extension SYNC
[  1496.588] (II) Initializing extension XKEYBOARD
[  1496.588] (II) Initializing extension XC-MISC
[  1496.588] (II) Initializing extension SECURITY
[  1496.588] (II) Initializing extension XFIXES
[  1496.588] (II) Initializing extension RENDER
[  1496.588] (II) Initializing extension RANDR
[  1496.588] (II) Initializing extension COMPOSITE
[  1496.588] (II) Initializing extension DAMAGE
[  1496.588] (II) Initializing extension MIT-SCREEN-SAVER
[  1496.589] (II) Initializing extension DOUBLE-BUFFER
[  1496.589] (II) Initializing extension RECORD
[  1496.589] (II) Initializing extension DPMS
[  1496.589] (II) Initializing extension Present
[  1496.589] (II) Initializing extension DRI3
[  1496.589] (II) Initializing extension X-Resource
[  1496.589] (II) Initializing extension XVideo
[  1496.589] (II) Initializing extension XVideo-MotionCompensation
[  1496.589] (II) Initializing extension SELinux
[  1496.589] (II) SELinux: Disabled on system
[  1496.589] (II) Initializing extension GLX
[  1496.589] (II) AIGLX: Screen 0 is not DRI2 capable
[  1496.603] (II) IGLX: Loaded and initialized swrast
[  1496.603] (II) GLX: Initialized DRISWRAST GL provider for screen 0
[  1496.603] (II) Initializing extension XFree86-VidModeExtension
[  1496.604] (II) Initializing extension XFree86-DGA
[  1496.604] (II) Initializing extension XFree86-DRI
[  1496.604] (II) Initializing extension DRI2
[  1496.719] (II) vmware(0): Setting screen physical size to 508 x 381
[  1496.881] (II) config/udev: Adding input device Power Button (/dev/input/event1)
[  1496.881] (**) Power Button: Applying InputClass "libinput keyboard catchall"
[  1496.881] (II) LoadModule: "libinput"
[  1496.881] (II) Loading /usr/lib/xorg/modules/input/libinput_drv.so
[  1496.885] (II) Module libinput: vendor="X.Org Foundation"
[  1496.885] 	compiled for 1.21.1.11, module version = 1.4.0
[  1496.885] 	Module class: X.Org XInput Driver
[  1496.885] 	ABI class: X.Org XInput driver, version 24.4
[  1496.885] (II) Using input driver 'libinput' for 'Power Button'
[  1496.885] (**) Power Button: always reports core events
[  1496.885] (**) Option "Device" "/dev/input/event1"
[  1496.888] (II) event1  - Power Button: is tagged by udev as: Keyboard
[  1496.888] (II) event1  - Power Button: device is a keyboard
[  1496.888] (II) event1  - Power Button: device removed
[  1496.921] (**) Option "config_info" "udev:/sys/devices/LNXSYSTM:00/LNXPWRBN:00/input/input2/event1"
[  1496.921] (II) XINPUT: Adding extended input device "Power Button" (type: KEYBOARD, id 6)
[  1496.921] (**) Option "xkb_model" "pc105"
[  1496.921] (**) Option "xkb_layout" "us"
[  1496.923] (II) event1  - Power Button: is tagged by udev as: Keyboard
[  1496.923] (II) event1  - Power Button: device is a keyboard
[  1496.924] (II) config/udev: Adding input device Sleep Button (/dev/input/event2)
[  1496.924] (**) Sleep Button: Applying InputClass "libinput keyboard catchall"
[  1496.924] (II) Using input driver 'libinput' for 'Sleep Button'
[  1496.924] (**) Sleep Button: always reports core events
[  1496.924] (**) Option "Device" "/dev/input/event2"
[  1496.925] (II) event2  - Sleep Button: is tagged by udev as: Keyboard
[  1496.925] (II) event2  - Sleep Button: device is a keyboard
[  1496.925] (II) event2  - Sleep Button: device removed
[  1496.952] (**) Option "config_info" "udev:/sys/devices/LNXSYSTM:00/LNXSLPBN:00/input/input3/event2"
[  1496.952] (II) XINPUT: Adding extended input device "Sleep Button" (type: KEYBOARD, id 7)
[  1496.952] (**) Option "xkb_model" "pc105"
[  1496.952] (**) Option "xkb_layout" "us"
[  1496.953] (II) event2  - Sleep Button: is tagged by udev as: Keyboard
[  1496.954] (II) event2  - Sleep Button: device is a keyboard
[  1496.954] (II) config/udev: Adding input device Video Bus (/dev/input/event3)
[  1496.954] (**) Video Bus: Applying InputClass "libinput keyboard catchall"
[  1496.954] (II) Using input driver 'libinput' for 'Video Bus'
[  1496.954] (**) Video Bus: always reports core events
[  1496.954] (**) Option "Device" "/dev/input/event3"
[  1496.955] (II) event3  - Video Bus: is tagged by udev as: Keyboard
[  1496.955] (II) event3  - Video Bus: device is a keyboard
[  1496.956] (II) event3  - Video Bus: device removed
[  1497.004] (**) Option "config_info" "udev:/sys/devices/LNXSYSTM:00/LNXSYBUS:00/PNP0A03:00/LNXVIDEO:00/input/input4/event3"
[  1497.004] (II) XINPUT: Adding extended input device "Video Bus" (type: KEYBOARD, id 8)
[  1497.004] (**) Option "xkb_model" "pc105"
[  1497.004] (**) Option "xkb_layout" "us"
[  1497.007] (II) event3  - Video Bus: is tagged by udev as: Keyboard
[  1497.007] (II) event3  - Video Bus: device is a keyboard
[  1497.008] (II) config/udev: Adding input device VirtualBox mouse integration (/dev/input/event7)
[  1497.008] (**) VirtualBox mouse integration: Applying InputClass "libinput pointer catchall"
[  1497.008] (II) Using input driver 'libinput' for 'VirtualBox mouse integration'
[  1497.008] (**) VirtualBox mouse integration: always reports core events
[  1497.008] (**) Option "Device" "/dev/input/event7"
[  1497.009] (II) event7  - VirtualBox mouse integration: is tagged by udev as: Mouse
[  1497.010] (II) event7  - VirtualBox mouse integration: device is a pointer
[  1497.010] (II) event7  - VirtualBox mouse integration: device removed
[  1497.048] (**) Option "config_info" "udev:/sys/devices/pci0000:00/0000:00:04.0/input/input8/event7"
[  1497.048] (II) XINPUT: Adding extended input device "VirtualBox mouse integration" (type: MOUSE, id 9)
[  1497.048] (**) Option "AccelerationScheme" "none"
[  1497.048] (**) VirtualBox mouse integration: (accel) selected scheme none/0
[  1497.048] (**) VirtualBox mouse integration: (accel) acceleration factor: 2.000
[  1497.048] (**) VirtualBox mouse integration: (accel) acceleration threshold: 4
[  1497.049] (II) event7  - VirtualBox mouse integration: is tagged by udev as: Mouse
[  1497.049] (II) event7  - VirtualBox mouse integration: device is a pointer
[  1497.049] (II) config/udev: Adding input device VirtualBox mouse integration (/dev/input/js1)
[  1497.049] (II) No input driver specified, ignoring this device.
[  1497.049] (II) This device may have been added with another device file.
[  1497.050] (II) config/udev: Adding input device VirtualBox mouse integration (/dev/input/mouse2)
[  1497.050] (II) No input driver specified, ignoring this device.
[  1497.050] (II) This device may have been added with another device file.
[  1497.052] (II) config/udev: Adding input device VirtualBox USB Tablet (/dev/input/event5)
[  1497.053] (**) VirtualBox USB Tablet: Applying InputClass "libinput pointer catchall"
[  1497.053] (II) Using input driver 'libinput' for 'VirtualBox USB Tablet'
[  1497.053] (**) VirtualBox USB Tablet: always reports core events
[  1497.054] (**) Option "Device" "/dev/input/event5"
[  1497.113] (II) event5  - VirtualBox USB Tablet: is tagged by udev as: Mouse
[  1497.113] (II) event5  - VirtualBox USB Tablet: device is a pointer
[  1497.114] (II) event5  - VirtualBox USB Tablet: device removed
[  1497.148] (**) Option "config_info" "udev:/sys/devices/pci0000:00/0000:00:06.0/usb1/1-1/1-1:1.0/0003:80EE:0021.0001/input/input6/event5"
[  1497.148] (II) XINPUT: Adding extended input device "VirtualBox USB Tablet" (type: MOUSE, id 10)
[  1497.149] (**) Option "AccelerationScheme" "none"
[  1497.149] (**) VirtualBox USB Tablet: (accel) selected scheme none/0
[  1497.149] (**) VirtualBox USB Tablet: (accel) acceleration factor: 2.000
[  1497.149] (**) VirtualBox USB Tablet: (accel) acceleration threshold: 4
[  1497.209] (II) event5  - VirtualBox USB Tablet: is tagged by udev as: Mouse
[  1497.210] (II) event5  - VirtualBox USB Tablet: device is a pointer
[  1497.210] (II) config/udev: Adding input device VirtualBox USB Tablet (/dev/input/js0)
[  1497.210] (II) No input driver specified, ignoring this device.
[  1497.210] (II) This device may have been added with another device file.
[  1497.211] (II) config/udev: Adding input device VirtualBox USB Tablet (/dev/input/mouse1)
[  1497.211] (II) No input driver specified, ignoring this device.
[  1497.211] (II) This device may have been added with another device file.
[  1497.211] (II) config/udev: Adding input device AT Translated Set 2 keyboard (/dev/input/event0)
[  1497.211] (**) AT Translated Set 2 keyboard: Applying InputClass "libinput keyboard catchall"
[  1497.211] (II) Using input driver 'libinput' for 'AT Translated Set 2 keyboard'
[  1497.211] (**) AT Translated Set 2 keyboard: always reports core events
[  1497.211] (**) Option "Device" "/dev/input/event0"
[  1497.213] (II) event0  - AT Translated Set 2 keyboard: is tagged by udev as: Keyboard
[  1497.213] (II) event0  - AT Translated Set 2 keyboard: device is a keyboard
[  1497.213] (II) event0  - AT Translated Set 2 keyboard: device removed
[  1497.232] (**) Option "config_info" "udev:/sys/devices/platform/i8042/serio0/input/input0/event0"
[  1497.232] (II) XINPUT: Adding extended input device "AT Translated Set 2 keyboard" (type: KEYBOARD, id 11)
[  1497.232] (**) Option "xkb_model" "pc105"
[  1497.232] (**) Option "xkb_layout" "us"
[  1497.233] (II) event0  - AT Translated Set 2 keyboard: is tagged by udev as: Keyboard
[  1497.233] (II) event0  - AT Translated Set 2 keyboard: device is a keyboard
[  1497.234] (II) config/udev: Adding input device ImExPS/2 Generic Explorer Mouse (/dev/input/event4)
[  1497.234] (**) ImExPS/2 Generic Explorer Mouse: Applying InputClass "libinput pointer catchall"
[  1497.234] (II) Using input driver 'libinput' for 'ImExPS/2 Generic Explorer Mouse'
[  1497.234] (**) ImExPS/2 Generic Explorer Mouse: always reports core events
[  1497.234] (**) Option "Device" "/dev/input/event4"
[  1497.235] (II) event4  - ImExPS/2 Generic Explorer Mouse: is tagged by udev as: Mouse
[  1497.235] (II) event4  - ImExPS/2 Generic Explorer Mouse: device is a pointer
[  1497.235] (II) event4  - ImExPS/2 Generic Explorer Mouse: device removed
[  1497.272] (II) libinput: ImExPS/2 Generic Explorer Mouse: Step value 0 was provided, libinput Fallback acceleration function is used.
[  1497.272] (II) libinput: ImExPS/2 Generic Explorer Mouse: Step value 0 was provided, libinput Fallback acceleration function is used.
[  1497.272] (II) libinput: ImExPS/2 Generic Explorer Mouse: Step value 0 was provided, libinput Fallback acceleration function is used.
[  1497.272] (**) Option "config_info" "udev:/sys/devices/platform/i8042/serio1/input/input5/event4"
[  1497.272] (II) XINPUT: Adding extended input device "ImExPS/2 Generic Explorer Mouse" (type: MOUSE, id 12)
[  1497.272] (**) Option "AccelerationScheme" "none"
[  1497.272] (**) ImExPS/2 Generic Explorer Mouse: (accel) selected scheme none/0
[  1497.272] (**) ImExPS/2 Generic Explorer Mouse: (accel) acceleration factor: 2.000
[  1497.272] (**) ImExPS/2 Generic Explorer Mouse: (accel) acceleration threshold: 4
[  1497.273] (II) event4  - ImExPS/2 Generic Explorer Mouse: is tagged by udev as: Mouse
[  1497.273] (II) event4  - ImExPS/2 Generic Explorer Mouse: device is a pointer
[  1497.273] (II) config/udev: Adding input device ImExPS/2 Generic Explorer Mouse (/dev/input/mouse0)
[  1497.273] (II) No input driver specified, ignoring this device.
[  1497.273] (II) This device may have been added with another device file.
[  1497.274] (II) config/udev: Adding input device PC Speaker (/dev/input/event6)
[  1497.274] (II) No input driver specified, ignoring this device.
[  1497.274] (II) This device may have been added with another device file.
[  1497.281] (!!) vmware(0): New layout.
[  1497.281] (!!) vmware(0): 0: 0 0 1920 969
[  1497.281] (!!) vmware(0): 1: 1920 0 1920 973
[  1497.281] (!!) vmware(0): 2: 3840 0 4096 2160
[  1497.281] (!!) vmware(0): 3: 3840 0 4096 2160
[  1497.281] (!!) vmware(0): 
[  1499.050] (!!) vmware(0): New layout.
[  1499.058] (!!) vmware(0): 0: 0 0 1920 969
[  1499.058] (!!) vmware(0): 1: 1920 0 1920 973
[  1499.058] (!!) vmware(0): 2: 3840 0 1920 973
[  1499.058] (!!) vmware(0): 3: 5760 0 1920 980
[  1499.058] (!!) vmware(0): 
[  3117.517] (II) event1  - Power Button: device removed
[  3117.533] (II) event2  - Sleep Button: device removed
[  3117.572] (II) event3  - Video Bus: device removed
[  3117.628] (II) event7  - VirtualBox mouse integration: device removed
[  3117.668] (II) event5  - VirtualBox USB Tablet: device removed
[  3117.728] (II) event0  - AT Translated Set 2 keyboard: device removed
[  3117.752] (II) event4  - ImExPS/2 Generic Explorer Mouse: device removed
[  3117.906] (II) UnloadModule: "libinput"
[  3117.907] (II) UnloadModule: "libinput"
[  3117.907] (II) UnloadModule: "libinput"
[  3117.907] (II) UnloadModule: "libinput"
[  3117.907] (II) UnloadModule: "libinput"
[  3117.907] (II) UnloadModule: "libinput"
[  3117.908] (II) UnloadModule: "libinput"
[  3117.921] (II) Server terminated successfully (0). Closing log file.
